#
# There is insufficient memory for the Java Runtime Environment to continue.
# Native memory allocation (mmap) failed to map 132120576 bytes for Failed to commit area from 0x0000000083600000 to 0x000000008b400000 of length 132120576.
# Possible reasons:
#   The system is out of physical RAM or swap space
#   The process is running with CompressedOops enabled, and the Java Heap may be blocking the growth of the native heap
# Possible solutions:
#   Reduce memory load on the system
#   Increase physical memory or swap space
#   Check if swap backing store is full
#   Decrease Java heap size (-Xmx/-Xms)
#   Decrease number of Java threads
#   Decrease Java thread stack sizes (-Xss)
#   Set larger code cache with -XX:ReservedCodeCacheSize=
# This output file may be truncated or incomplete.
#
#  Out of Memory Error (./src/hotspot/os/windows/os_windows.cpp:3301), pid=33892, tid=12500
#
# JRE version:  (11.0.10+9) (build )
# Java VM: OpenJDK 64-Bit Server VM (11.0.10+9-LTS, mixed mode, sharing, tiered, compressed oops, g1 gc, windows-amd64)
# No core dump will be written. Minidumps are not enabled by default on client versions of Windows
#

---------------  S U M M A R Y ------------

Command Line: -XX:TieredStopAtLevel=1 -Xverify:none -Dspring.output.ansi.enabled=always -Dcom.sun.management.jmxremote -Dspring.jmx.enabled=true -Dspring.liveBeansView.mbeanDomain -Dspring.application.admin.enabled=true -javaagent:F:\software\IDEA\IntelliJ IDEA 2020.2.4\lib\idea_rt.jar=57294:F:\software\IDEA\IntelliJ IDEA 2020.2.4\bin -Dfile.encoding=UTF-8 com.floewer.mall.SchoolMallApplication

Host: Intel(R) Core(TM) i5-7200U CPU @ 2.50GHz, 4 cores, 7G,  Windows 10 , 64 bit Build 17763 (10.0.17763.475)
Time: Thu Apr 15 22:20:02 2021 ?D1        ?    ?? elapsed time: 0.072355 seconds (0d 0h 0m 0s)

---------------  T H R E A D  ---------------

Current thread (0x0000023fb526e000):  JavaThread "Unknown thread" [_thread_in_vm, id=12500, stack(0x0000008370800000,0x0000008370900000)]

Stack: [0x0000008370800000,0x0000008370900000]
Native frames: (J=compiled Java code, j=interpreted, Vv=VM code, C=native code)
V  [jvm.dll+0x5f402a]
V  [jvm.dll+0x77db5e]
V  [jvm.dll+0x77f22f]
V  [jvm.dll+0x77f8f3]
V  [jvm.dll+0x246a88]
V  [jvm.dll+0x5f11da]
V  [jvm.dll+0x5e5e05]
V  [jvm.dll+0x2fb8ec]
V  [jvm.dll+0x2fb772]
V  [jvm.dll+0x300426]
V  [jvm.dll+0x344bef]
V  [jvm.dll+0x344620]
V  [jvm.dll+0x2d8b58]
V  [jvm.dll+0x2d9ca6]
V  [jvm.dll+0x7591a7]
V  [jvm.dll+0x75a92f]
V  [jvm.dll+0x351949]
V  [jvm.dll+0x73c3d0]
V  [jvm.dll+0x3b92df]
V  [jvm.dll+0x3bb7e1]
C  [jli.dll+0x5207]
C  [ucrtbase.dll+0x21ffa]
C  [KERNEL32.DLL+0x17974]
C  [ntdll.dll+0x6a261]


---------------  P R O C E S S  ---------------

Threads class SMR info:
_java_thread_list=0x0000023fb3168600, length=0, elements={
}

Java Threads: ( => current thread )

Other Threads:
  0x0000023fb5285000 GCTaskThread "GC Thread#0" [stack: 0x0000008370a00000,0x0000008370b00000] [id=3516]
  0x0000023fb52b6800 ConcurrentGCThread "G1 Main Marker" [stack: 0x0000008370b00000,0x0000008370c00000] [id=9824]
  0x0000023fb52b7800 ConcurrentGCThread "G1 Conc#0" [stack: 0x0000008370c00000,0x0000008370d00000] [id=8032]

[error occurred during error reporting (printing all threads), id 0xc0000005, EXCEPTION_ACCESS_VIOLATION (0xc0000005) at pc=0x00007ffef8c081d7]

VM state:not at safepoint (not fully initialized)

VM Mutex/Monitor currently owned by a thread:  ([mutex/lock_event])
[0x0000023fb5269380] Heap_lock - owner thread: 0x0000023fb526e000

Heap address: 0x0000000083600000, size: 1994 MB, Compressed Oops mode: Non-zero based: 0x0000000083600000
Narrow klass base: 0x0000000000000000, Narrow klass shift: 0

GC Heap History (0 events):
No events

Deoptimization events (0 events):
No events

Classes redefined (0 events):
No events

Internal exceptions (0 events):
No events

Events (1 events):
Event: 0.057 Loaded shared library C:\Users\Administrator\.jdks\corretto-11.0.10\bin\zip.dll


Dynamic libraries:
0x00007ff6615e0000 - 0x00007ff6615ed000 	C:\Users\Administrator\.jdks\corretto-11.0.10\bin\java.exe
0x00007fff4ab20000 - 0x00007fff4ad0d000 	C:\Windows\SYSTEM32\ntdll.dll
0x00007fff4aa30000 - 0x00007fff4aae3000 	C:\Windows\System32\KERNEL32.DLL
0x00007fff474b0000 - 0x00007fff47743000 	C:\Windows\System32\KERNELBASE.dll
0x00007fff473b0000 - 0x00007fff474aa000 	C:\Windows\System32\ucrtbase.dll
0x00007fff39430000 - 0x00007fff39447000 	C:\Users\Administrator\.jdks\corretto-11.0.10\bin\jli.dll
0x00007fff49c90000 - 0x00007fff49e27000 	C:\Windows\System32\USER32.dll
0x00007fff47390000 - 0x00007fff473b0000 	C:\Windows\System32\win32u.dll
0x00007fff49c60000 - 0x00007fff49c89000 	C:\Windows\System32\GDI32.dll
0x00007fff47940000 - 0x00007fff47ad9000 	C:\Windows\System32\gdi32full.dll
0x00007fff47880000 - 0x00007fff47920000 	C:\Windows\System32\msvcp_win.dll
0x00007fff34f70000 - 0x00007fff34f85000 	C:\Users\Administrator\.jdks\corretto-11.0.10\bin\VCRUNTIME140.dll
0x00007fff360c0000 - 0x00007fff36339000 	C:\Windows\WinSxS\amd64_microsoft.windows.common-controls_6595b64144ccf1df_6.0.17763.1098_none_de762ed45346ee8a\COMCTL32.dll
0x00007fff49660000 - 0x00007fff496fe000 	C:\Windows\System32\msvcrt.dll
0x00007fff49860000 - 0x00007fff49b8c000 	C:\Windows\System32\combase.dll
0x00007fff49530000 - 0x00007fff49652000 	C:\Windows\System32\RPCRT4.dll
0x00007fff47800000 - 0x00007fff4787e000 	C:\Windows\System32\bcryptPrimitives.dll
0x00007fff4a8f0000 - 0x00007fff4a91e000 	C:\Windows\System32\IMM32.DLL
0x00007fff2d050000 - 0x00007fff2d0eb000 	C:\Users\Administrator\.jdks\corretto-11.0.10\bin\msvcp140.dll
0x00007ffef8920000 - 0x00007ffef9467000 	C:\Users\Administrator\.jdks\corretto-11.0.10\bin\server\jvm.dll
0x00007fff4a270000 - 0x00007fff4a313000 	C:\Windows\System32\ADVAPI32.dll
0x00007fff4a980000 - 0x00007fff4aa1e000 	C:\Windows\System32\sechost.dll
0x00007fff4aa20000 - 0x00007fff4aa28000 	C:\Windows\System32\PSAPI.DLL
0x00007fff317b0000 - 0x00007fff317b9000 	C:\Windows\SYSTEM32\WSOCK32.dll
0x00007fff4a3a0000 - 0x00007fff4a40d000 	C:\Windows\System32\WS2_32.dll
0x00007fff44950000 - 0x00007fff44974000 	C:\Windows\SYSTEM32\WINMM.dll
0x00007fff46710000 - 0x00007fff4671a000 	C:\Windows\SYSTEM32\VERSION.dll
0x00007fff44920000 - 0x00007fff4494d000 	C:\Windows\SYSTEM32\WINMMBASE.dll
0x00007fff47cc0000 - 0x00007fff47d0a000 	C:\Windows\System32\cfgmgr32.dll
0x00007fff46b90000 - 0x00007fff46ba1000 	C:\Windows\System32\kernel.appcore.dll
0x00007fff363b0000 - 0x00007fff363c0000 	C:\Users\Administrator\.jdks\corretto-11.0.10\bin\verify.dll
0x00007fff45440000 - 0x00007fff4562d000 	C:\Windows\SYSTEM32\DBGHELP.DLL
0x00007fff21e90000 - 0x00007fff21eba000 	C:\Windows\SYSTEM32\dbgcore.DLL
0x00007fff2d760000 - 0x00007fff2d788000 	C:\Users\Administrator\.jdks\corretto-11.0.10\bin\java.dll
0x00007fff32d10000 - 0x00007fff32d1a000 	C:\Users\Administrator\.jdks\corretto-11.0.10\bin\jimage.dll
0x00007fff326c0000 - 0x00007fff326ce000 	C:\Users\Administrator\.jdks\corretto-11.0.10\bin\instrument.dll
0x00007fff2ea20000 - 0x00007fff2ea37000 	C:\Users\Administrator\.jdks\corretto-11.0.10\bin\zip.dll

dbghelp: loaded successfully - version: 4.0.5 - missing functions: none
symbol engine: initialized successfully - sym options: 0x614 - pdb path: .;C:\Users\Administrator\.jdks\corretto-11.0.10\bin;C:\Windows\SYSTEM32;C:\Windows\WinSxS\amd64_microsoft.windows.common-controls_6595b64144ccf1df_6.0.17763.1098_none_de762ed45346ee8a;C:\Users\Administrator\.jdks\corretto-11.0.10\bin\server

VM Arguments:
jvm_args: -XX:TieredStopAtLevel=1 -Xverify:none -Dspring.output.ansi.enabled=always -Dcom.sun.management.jmxremote -Dspring.jmx.enabled=true -Dspring.liveBeansView.mbeanDomain -Dspring.application.admin.enabled=true -javaagent:F:\software\IDEA\IntelliJ IDEA 2020.2.4\lib\idea_rt.jar=57294:F:\software\IDEA\IntelliJ IDEA 2020.2.4\bin -Dfile.encoding=UTF-8
java_command: com.floewer.mall.SchoolMallApplication
java_class_path (initial): H:\2021  ҵ  ƴ   \taobao_mai\flower-mall-springboot\target\classes;F:\save-software\Idea_Files\maven-Store\org\springframework\boot\spring-boot-starter-web\2.3.0.RELEASE\spring-boot-starter-web-2.3.0.RELEASE.jar;F:\save-software\Idea_Files\maven-Store\org\springframework\boot\spring-boot-starter\2.3.0.RELEASE\spring-boot-starter-2.3.0.RELEASE.jar;F:\save-software\Idea_Files\maven-Store\org\springframework\boot\spring-boot\2.3.0.RELEASE\spring-boot-2.3.0.RELEASE.jar;F:\save-software\Idea_Files\maven-Store\org\springframework\boot\spring-boot-starter-logging\2.3.0.RELEASE\spring-boot-starter-logging-2.3.0.RELEASE.jar;F:\save-software\Idea_Files\maven-Store\ch\qos\logback\logback-classic\1.2.3\logback-classic-1.2.3.jar;F:\save-software\Idea_Files\maven-Store\ch\qos\logback\logback-core\1.2.3\logback-core-1.2.3.jar;F:\save-software\Idea_Files\maven-Store\org\apache\logging\log4j\log4j-to-slf4j\2.13.2\log4j-to-slf4j-2.13.2.jar;F:\save-software\Idea_Files\maven-Store\org\apache\logging\log4j\log4j-api\2.13.2\log4j-api-2.13.2.jar;F:\save-software\Idea_Files\maven-Store\org\slf4j\jul-to-slf4j\1.7.30\jul-to-slf4j-1.7.30.jar;F:\save-software\Idea_Files\maven-Store\jakarta\annotation\jakarta.annotation-api\1.3.5\jakarta.annotation-api-1.3.5.jar;F:\save-software\Idea_Files\maven-Store\org\yaml\snakeyaml\1.26\snakeyaml-1.26.jar;F:\save-software\Idea_Files\maven-Store\org\springframework\boot\spring-boot-starter-json\2.3.0.RELEASE\spring-boot-starter-json-2.3.0.RELEASE.jar;F:\save-software\Idea_Files\maven-Store\com\fasterxml\jackson\datatype\jackson-datatype-jdk8\2.11.0\jackson-datatype-jdk8-2.11.0.jar;F:\save-software\Idea_Files\maven-Store\com\fasterxml\jackson\datatype\jackson-datatype-jsr310\2.11.0\jackson-datatype-jsr310-2.11.0.jar;F:\save-software\Idea_Files\maven-Store\com\fasterxml\jackson\module\jackson-module-parameter-names\2.11.0\jackson-module-parameter-names-2.11.0.jar;F:\save-software\Idea_Files\maven-Store\org\springframework\boot\spring-
Launcher Type: SUN_STANDARD

[Global flags]
     bool BytecodeVerificationLocal                = false                                     {product} {command line}
     bool BytecodeVerificationRemote               = false                                     {product} {command line}
     intx CICompilerCount                          = 3                                         {product} {ergonomic}
     uint ConcGCThreads                            = 1                                         {product} {ergonomic}
     uint G1ConcRefinementThreads                  = 4                                         {product} {ergonomic}
   size_t G1HeapRegionSize                         = 1048576                                   {product} {ergonomic}
    uintx GCDrainStackTargetSize                   = 64                                        {product} {ergonomic}
   size_t InitialHeapSize                          = 132120576                                 {product} {ergonomic}
     bool ManagementServer                         = true                                      {product} {command line}
   size_t MarkStackSize                            = 4194304                                   {product} {ergonomic}
   size_t MaxHeapSize                              = 2090860544                                {product} {ergonomic}
   size_t MinHeapDeltaBytes                        = 1048576                                   {product} {ergonomic}
    uintx NonNMethodCodeHeapSize                   = 6973028                                {pd product} {ergonomic}
    uintx NonProfiledCodeHeapSize                  = 244685212                              {pd product} {ergonomic}
    uintx ProfiledCodeHeapSize                     = 0                                      {pd product} {ergonomic}
    uintx ReservedCodeCacheSize                    = 251658240                              {pd product} {ergonomic}
     bool SegmentedCodeCache                       = true                                      {product} {ergonomic}
     intx TieredStopAtLevel                        = 1                                         {product} {command line}
     bool UseCompressedClassPointers               = true                                 {lp64_product} {ergonomic}
     bool UseCompressedOops                        = true                                 {lp64_product} {ergonomic}
     bool UseG1GC                                  = true                                      {product} {ergonomic}
     bool UseLargePagesIndividualAllocation        = false                                  {pd product} {ergonomic}

Logging:
Log output configuration:
 #0: stdout all=warning uptime,level,tags
 #1: stderr all=off uptime,level,tags

Environment Variables:
JAVA_HOME=C:\Program Files\Java\jdk1.8.0_131
CLASSPATH=.;C:\Program Files\Java\jdk1.8.0_131\lib\dt.jar;C:\Program Files\Java\jdk1.8.0_131\lib\tools.jar;
PATH=F:\software\xftp\;F:\software\XShell\;F:\software\CentOs\bin\;C:\Windows\system32;C:\Windows;C:\Windows\System32\Wbem;C:\Windows\System32\WindowsPowerShell\v1.0\;C:\Windows\System32\OpenSSH\;C:\Program Files\Java\jdk1.8.0_131\bin;D:\AAFrame\IDEA\apache-maven-3.6.1\bin;D:\AA   ϵͳ    \Rational Rose\common;C:\Program Files (x86)\MySQL\MySQL Server 5.7\bin;F:\software\Git\Git\bin;F:\software\Git\Git\mingw64\libexec\git-core;D:\AAFrame\IDEA\apache-maven-3.6.1\bin;C:\Program Files\TortoiseSVN\bin;F:\software\Node\;F:\software\Erlang\erl-23.1\bin;;F:\software\Visual Studio Code\VSCode 1.52.0\Microsoft VS Code\bin;F:\software\new Xshell\;D:\AAPython\python\3.8.2\Scripts\;D:\AAPython\python\3.8.2\;C:\Users\Administrator\AppData\Local\Microsoft\WindowsApps;;D:\AAPython\python\pycharm-2019.3.3\PyCharm Community Edition 2019.3.3\bin;;C:\Users\Administrator\AppData\Roaming\npm;F:\software\Visual Studio Code\Microsoft VS Code\bin
USERNAME=Administrator
OS=Windows_NT
PROCESSOR_IDENTIFIER=Intel64 Family 6 Model 142 Stepping 9, GenuineIntel



---------------  S Y S T E M  ---------------

OS: Windows 10 , 64 bit Build 17763 (10.0.17763.475)
OS uptime: 21 days 6:20 hours

CPU:total 4 (initial active 4) (2 cores per cpu, 2 threads per core) family 6 model 142 stepping 9 microcode 0xb4, cmov, cx8, fxsr, mmx, sse, sse2, sse3, ssse3, sse4.1, sse4.2, popcnt, avx, avx2, aes, clmul, erms, 3dnowpref, lzcnt, ht, tsc, tscinvbit, bmi1, bmi2, adx, fma

Memory: 4k page, system-wide physical 7970M (690M free)
TotalPageFile size 23331M (AvailPageFile size 105M)
current process WorkingSet (physical memory assigned to process): 10M, peak: 10M
current process commit charge ("private bytes"): 49M, peak: 175M

vm_info: OpenJDK 64-Bit Server VM (11.0.10+9-LTS) for windows-amd64 JRE (11.0.10+9-LTS), built on Jan 12 2021 22:37:55 by "Administrator" with MS VC++ 15.9 (VS2017)

END.
